{"uid":"f4b252747c7a2c1","name":"downloadSettlementReport","fullName":"TestCases.SettlementReportTest.downloadSettlementReport","historyId":"87533e3ea0394f00151b6ac53f168947","time":{"start":1758573944555,"stop":1758573985735,"duration":41180},"status":"failed","statusMessage":"❌ Python script failed! expected [0] but found [1]","statusTrace":"java.lang.AssertionError: ❌ Python script failed! expected [0] but found [1]\r\n\tat org.testng.Assert.fail(Assert.java:111)\r\n\tat org.testng.Assert.failNotEquals(Assert.java:1578)\r\n\tat org.testng.Assert.assertEqualsImpl(Assert.java:150)\r\n\tat org.testng.Assert.assertEquals(Assert.java:132)\r\n\tat org.testng.Assert.assertEquals(Assert.java:1419)\r\n\tat org.testng.Assert.assertEquals(Assert.java:1383)\r\n\tat TestCases.SettlementReportTest.runPythonScript(SettlementReportTest.java:123)\r\n\tat TestCases.SettlementReportTest.downloadSettlementReport(SettlementReportTest.java:96)\r\n\tat java.base/jdk.internal.reflect.DirectMethodHandleAccessor.invoke(DirectMethodHandleAccessor.java:104)\r\n\tat java.base/java.lang.reflect.Method.invoke(Method.java:565)\r\n\tat org.testng.internal.invokers.MethodInvocationHelper.invokeMethod(MethodInvocationHelper.java:141)\r\n\tat org.testng.internal.invokers.TestInvoker.invokeMethod(TestInvoker.java:686)\r\n\tat org.testng.internal.invokers.TestInvoker.invokeTestMethod(TestInvoker.java:230)\r\n\tat org.testng.internal.invokers.MethodRunner.runInSequence(MethodRunner.java:63)\r\n\tat org.testng.internal.invokers.TestInvoker$MethodInvocationAgent.invoke(TestInvoker.java:992)\r\n\tat org.testng.internal.invokers.TestInvoker.invokeTestMethods(TestInvoker.java:203)\r\n\tat org.testng.internal.invokers.TestMethodWorker.invokeTestMethods(TestMethodWorker.java:154)\r\n\tat org.testng.internal.invokers.TestMethodWorker.run(TestMethodWorker.java:134)\r\n\tat java.base/java.util.ArrayList.forEach(ArrayList.java:1604)\r\n\tat org.testng.TestRunner.privateRun(TestRunner.java:739)\r\n\tat org.testng.TestRunner.run(TestRunner.java:614)\r\n\tat org.testng.SuiteRunner.runTest(SuiteRunner.java:421)\r\n\tat org.testng.SuiteRunner.runSequentially(SuiteRunner.java:413)\r\n\tat org.testng.SuiteRunner.privateRun(SuiteRunner.java:373)\r\n\tat org.testng.SuiteRunner.run(SuiteRunner.java:312)\r\n\tat org.testng.SuiteRunnerWorker.runSuite(SuiteRunnerWorker.java:52)\r\n\tat org.testng.SuiteRunnerWorker.run(SuiteRunnerWorker.java:95)\r\n\tat org.testng.TestNG.runSuitesSequentially(TestNG.java:1274)\r\n\tat org.testng.TestNG.runSuitesLocally(TestNG.java:1208)\r\n\tat org.testng.TestNG.runSuites(TestNG.java:1112)\r\n\tat org.testng.TestNG.run(TestNG.java:1079)\r\n\tat com.microsoft.java.test.runner.testng.TestNGRunner.run(TestNGRunner.java:45)\r\n\tat com.microsoft.java.test.runner.testng.TestNGLauncher.execute(TestNGLauncher.java:32)\r\n\tat com.microsoft.java.test.runner.Launcher.main(Launcher.java:57)\r\n","flaky":false,"newFailed":false,"newBroken":false,"newPassed":false,"retriesCount":0,"retriesStatusChange":false,"beforeStages":[{"name":"setUp","time":{"start":1758573942812,"stop":1758573944371,"duration":1559},"description":"","status":"passed","steps":[{"name":"Deleted old file: 20250922204136.zip","time":{"start":1758573944368,"stop":1758573944369,"duration":1},"status":"passed","steps":[],"attachments":[],"parameters":[],"shouldDisplayMessage":false,"stepsCount":0,"attachmentStep":false,"attachmentsCount":0,"hasContent":false}],"attachments":[],"parameters":[],"shouldDisplayMessage":false,"stepsCount":1,"attachmentStep":false,"attachmentsCount":0,"hasContent":true}],"testStage":{"status":"failed","statusMessage":"❌ Python script failed! expected [0] but found [1]","statusTrace":"java.lang.AssertionError: ❌ Python script failed! expected [0] but found [1]\r\n\tat org.testng.Assert.fail(Assert.java:111)\r\n\tat org.testng.Assert.failNotEquals(Assert.java:1578)\r\n\tat org.testng.Assert.assertEqualsImpl(Assert.java:150)\r\n\tat org.testng.Assert.assertEquals(Assert.java:132)\r\n\tat org.testng.Assert.assertEquals(Assert.java:1419)\r\n\tat org.testng.Assert.assertEquals(Assert.java:1383)\r\n\tat TestCases.SettlementReportTest.runPythonScript(SettlementReportTest.java:123)\r\n\tat TestCases.SettlementReportTest.downloadSettlementReport(SettlementReportTest.java:96)\r\n\tat java.base/jdk.internal.reflect.DirectMethodHandleAccessor.invoke(DirectMethodHandleAccessor.java:104)\r\n\tat java.base/java.lang.reflect.Method.invoke(Method.java:565)\r\n\tat org.testng.internal.invokers.MethodInvocationHelper.invokeMethod(MethodInvocationHelper.java:141)\r\n\tat org.testng.internal.invokers.TestInvoker.invokeMethod(TestInvoker.java:686)\r\n\tat org.testng.internal.invokers.TestInvoker.invokeTestMethod(TestInvoker.java:230)\r\n\tat org.testng.internal.invokers.MethodRunner.runInSequence(MethodRunner.java:63)\r\n\tat org.testng.internal.invokers.TestInvoker$MethodInvocationAgent.invoke(TestInvoker.java:992)\r\n\tat org.testng.internal.invokers.TestInvoker.invokeTestMethods(TestInvoker.java:203)\r\n\tat org.testng.internal.invokers.TestMethodWorker.invokeTestMethods(TestMethodWorker.java:154)\r\n\tat org.testng.internal.invokers.TestMethodWorker.run(TestMethodWorker.java:134)\r\n\tat java.base/java.util.ArrayList.forEach(ArrayList.java:1604)\r\n\tat org.testng.TestRunner.privateRun(TestRunner.java:739)\r\n\tat org.testng.TestRunner.run(TestRunner.java:614)\r\n\tat org.testng.SuiteRunner.runTest(SuiteRunner.java:421)\r\n\tat org.testng.SuiteRunner.runSequentially(SuiteRunner.java:413)\r\n\tat org.testng.SuiteRunner.privateRun(SuiteRunner.java:373)\r\n\tat org.testng.SuiteRunner.run(SuiteRunner.java:312)\r\n\tat org.testng.SuiteRunnerWorker.runSuite(SuiteRunnerWorker.java:52)\r\n\tat org.testng.SuiteRunnerWorker.run(SuiteRunnerWorker.java:95)\r\n\tat org.testng.TestNG.runSuitesSequentially(TestNG.java:1274)\r\n\tat org.testng.TestNG.runSuitesLocally(TestNG.java:1208)\r\n\tat org.testng.TestNG.runSuites(TestNG.java:1112)\r\n\tat org.testng.TestNG.run(TestNG.java:1079)\r\n\tat com.microsoft.java.test.runner.testng.TestNGRunner.run(TestNGRunner.java:45)\r\n\tat com.microsoft.java.test.runner.testng.TestNGLauncher.execute(TestNGLauncher.java:32)\r\n\tat com.microsoft.java.test.runner.Launcher.main(Launcher.java:57)\r\n","steps":[{"name":"Step 1: Login as admin","time":{"start":1758573944557,"stop":1758573944557,"duration":0},"status":"passed","steps":[],"attachments":[],"parameters":[],"shouldDisplayMessage":false,"stepsCount":0,"attachmentStep":false,"attachmentsCount":0,"hasContent":false},{"name":"✅ Logged in successfully","time":{"start":1758573949546,"stop":1758573949547,"duration":1},"status":"passed","steps":[],"attachments":[],"parameters":[],"shouldDisplayMessage":false,"stepsCount":0,"attachmentStep":false,"attachmentsCount":0,"hasContent":false},{"name":"Step 2: Navigate to Settlement page","time":{"start":1758573949547,"stop":1758573949547,"duration":0},"status":"passed","steps":[],"attachments":[],"parameters":[],"shouldDisplayMessage":false,"stepsCount":0,"attachmentStep":false,"attachmentsCount":0,"hasContent":false},{"name":"✅ Navigated to Settlement page","time":{"start":1758573960932,"stop":1758573960932,"duration":0},"status":"passed","steps":[],"attachments":[],"parameters":[],"shouldDisplayMessage":false,"stepsCount":0,"attachmentStep":false,"attachmentsCount":0,"hasContent":false},{"name":"Step 3: Download settlement report","time":{"start":1758573960932,"stop":1758573960932,"duration":0},"status":"passed","steps":[],"attachments":[],"parameters":[],"shouldDisplayMessage":false,"stepsCount":0,"attachmentStep":false,"attachmentsCount":0,"hasContent":false},{"name":"✅ Settlement report requested successfully","time":{"start":1758573972447,"stop":1758573972447,"duration":0},"status":"passed","steps":[],"attachments":[],"parameters":[],"shouldDisplayMessage":false,"stepsCount":0,"attachmentStep":false,"attachmentsCount":0,"hasContent":false},{"name":"Step 4: Navigate to Exported Files page","time":{"start":1758573972447,"stop":1758573972447,"duration":0},"status":"passed","steps":[],"attachments":[],"parameters":[],"shouldDisplayMessage":false,"stepsCount":0,"attachmentStep":false,"attachmentsCount":0,"hasContent":false},{"name":"✅ Navigated to Exported Files page","time":{"start":1758573976162,"stop":1758573976162,"duration":0},"status":"passed","steps":[],"attachments":[],"parameters":[],"shouldDisplayMessage":false,"stepsCount":0,"attachmentStep":false,"attachmentsCount":0,"hasContent":false},{"name":"Step 5: Download exported settlement report","time":{"start":1758573976162,"stop":1758573976162,"duration":0},"status":"passed","steps":[],"attachments":[],"parameters":[],"shouldDisplayMessage":false,"stepsCount":0,"attachmentStep":false,"attachmentsCount":0,"hasContent":false},{"name":"\uD83D\uDCCC Extracted timestamp from Exported Files: 20250922204608","time":{"start":1758573983900,"stop":1758573983900,"duration":0},"status":"passed","steps":[],"attachments":[],"parameters":[],"shouldDisplayMessage":false,"stepsCount":0,"attachmentStep":false,"attachmentsCount":0,"hasContent":false},{"name":"Step 6: Verify downloaded file name","time":{"start":1758573983900,"stop":1758573983900,"duration":0},"status":"passed","steps":[],"attachments":[],"parameters":[],"shouldDisplayMessage":false,"stepsCount":0,"attachmentStep":false,"attachmentsCount":0,"hasContent":false},{"name":"✅ Settlement report file downloaded and verified successfully","time":{"start":1758573983908,"stop":1758573983908,"duration":0},"status":"passed","steps":[],"attachments":[],"parameters":[],"shouldDisplayMessage":false,"stepsCount":0,"attachmentStep":false,"attachmentsCount":0,"hasContent":false},{"name":"Step 7: Run Python script with report timestamp","time":{"start":1758573983908,"stop":1758573983908,"duration":0},"status":"passed","steps":[],"attachments":[],"parameters":[],"shouldDisplayMessage":false,"stepsCount":0,"attachmentStep":false,"attachmentsCount":0,"hasContent":false},{"name":"[PYTHON] [PYTHON] Renamed POSTFLIN.20250922204608 → 20250922204608.txt","time":{"start":1758573983990,"stop":1758573983990,"duration":0},"status":"passed","steps":[],"attachments":[],"parameters":[],"shouldDisplayMessage":false,"stepsCount":0,"attachmentStep":false,"attachmentsCount":0,"hasContent":false},{"name":"[PYTHON] [PYTHON] Processing: looking for files containing '20250922204608.txt' in C:\\Users\\EslamSamy\\IdeaProjects\\Galaxy_Auto_Login_Test\\extracted","time":{"start":1758573983991,"stop":1758573983991,"duration":0},"status":"passed","steps":[],"attachments":[],"parameters":[],"shouldDisplayMessage":false,"stepsCount":0,"attachmentStep":false,"attachmentsCount":0,"hasContent":false},{"name":"[PYTHON] [PYTHON] Using file: 20250922204608.txt","time":{"start":1758573983991,"stop":1758573983991,"duration":0},"status":"passed","steps":[],"attachments":[],"parameters":[],"shouldDisplayMessage":false,"stepsCount":0,"attachmentStep":false,"attachmentsCount":0,"hasContent":false},{"name":"[PYTHON] [PYTHON] Full path: C:\\Users\\EslamSamy\\IdeaProjects\\Galaxy_Auto_Login_Test\\extracted\\20250922204608.txt","time":{"start":1758573983991,"stop":1758573983991,"duration":0},"status":"passed","steps":[],"attachments":[],"parameters":[],"shouldDisplayMessage":false,"stepsCount":0,"attachmentStep":false,"attachmentsCount":0,"hasContent":false},{"name":"[PYTHON] [PYTHON] Size detected: 8857 bytes","time":{"start":1758573983991,"stop":1758573983991,"duration":0},"status":"passed","steps":[],"attachments":[],"parameters":[],"shouldDisplayMessage":false,"stepsCount":0,"attachmentStep":false,"attachmentsCount":0,"hasContent":false},{"name":"[PYTHON] [PYTHON] Done! Output written to 'formatted_output.txt' (source file: 20250922204608.txt)","time":{"start":1758573983991,"stop":1758573983991,"duration":0},"status":"passed","steps":[],"attachments":[],"parameters":[],"shouldDisplayMessage":false,"stepsCount":0,"attachmentStep":false,"attachmentsCount":0,"hasContent":false},{"name":"✅ Python script executed successfully","time":{"start":1758573983995,"stop":1758573983995,"duration":0},"status":"passed","steps":[],"attachments":[],"parameters":[],"shouldDisplayMessage":false,"stepsCount":0,"attachmentStep":false,"attachmentsCount":0,"hasContent":false},{"name":"Step 7b: Validate report data against DB","time":{"start":1758573983995,"stop":1758573983995,"duration":0},"status":"passed","steps":[],"attachments":[],"parameters":[],"shouldDisplayMessage":false,"stepsCount":0,"attachmentStep":false,"attachmentsCount":0,"hasContent":false},{"name":"[PYTHON]  DB connection failed: ('42000', \"[42000] [Microsoft][ODBC Driver 17 for SQL Server][SQL Server]Cannot open server 'az-db-gim-uat' requested by the login. Client with IP address '196.137.73.28' is not allowed to access the server.  To enable access, use the Azure Management Portal or run sp_set_firewall_rule on the master database to create a firewall rule for this IP address or address range.  It may take up to five minutes for this change to take effect. (40615) (SQLDriverConnect); [42000] [Microsoft][ODBC Driver 17 for SQL Server][SQL Server]Cannot open server 'az-db-gim-uat' requested by the login. Client with IP address '196.137.73.28' is not allowed to access the server.  To enable access, use the Azure Management Portal or run sp_set_firewall_rule on the master database to create a firewall rule for this IP address or address range.  It may take up to five minutes for this change to take effect. (40615)\")","time":{"start":1758573985719,"stop":1758573985719,"duration":0},"status":"passed","steps":[],"attachments":[],"parameters":[],"shouldDisplayMessage":false,"stepsCount":0,"attachmentStep":false,"attachmentsCount":0,"hasContent":false}],"attachments":[],"parameters":[],"shouldDisplayMessage":true,"stepsCount":22,"attachmentStep":false,"attachmentsCount":0,"hasContent":true},"afterStages":[{"name":"tearDown","time":{"start":1758573985747,"stop":1758573986026,"duration":279},"description":"","status":"passed","steps":[{"name":"✅ WebDriver closed","time":{"start":1758573986026,"stop":1758573986026,"duration":0},"status":"passed","steps":[],"attachments":[],"parameters":[],"shouldDisplayMessage":false,"stepsCount":0,"attachmentStep":false,"attachmentsCount":0,"hasContent":false}],"attachments":[],"parameters":[],"shouldDisplayMessage":false,"stepsCount":1,"attachmentStep":false,"attachmentsCount":0,"hasContent":true}],"labels":[{"name":"package","value":"TestCases.SettlementReportTest"},{"name":"testClass","value":"TestCases.SettlementReportTest"},{"name":"testMethod","value":"downloadSettlementReport"},{"name":"parentSuite","value":"Default Suite"},{"name":"suite","value":"TestNGTest-b32892e7-fec3-4a43-92a3-dc8f771be15f"},{"name":"subSuite","value":"TestCases.SettlementReportTest"},{"name":"host","value":"EG-QC-EslamSamy"},{"name":"thread","value":"8204@EG-QC-EslamSamy.main(3)"},{"name":"framework","value":"testng"},{"name":"language","value":"java"},{"name":"resultFormat","value":"allure2"}],"parameters":[],"links":[],"hidden":true,"retry":true,"extra":{"categories":[],"tags":[]},"source":"f4b252747c7a2c1.json","parameterValues":[]}